This is pdfTeX, Version 3.14159265-2.6-1.40.21 (MiKTeX 2.9.7300 64-bit) (preloaded format=pdflatex 2021.10.22)  23 OCT 2021 18:00
entering extended mode
**./generatePDF.tex
(generatePDF.tex
LaTeX2e <2020-02-02> patch level 4
L3 programming layer <2020-02-21>
("C:\Users\mocha\AppData\Local\Programs\MiKTeX 2.9\tex/latex/base\article.cls"
Document Class: article 2019/12/20 v1.4l Standard LaTeX document class
("C:\Users\mocha\AppData\Local\Programs\MiKTeX 2.9\tex/latex/base\size10.clo"
File: size10.clo 2019/12/20 v1.4l Standard LaTeX file (size option)
)
\c@part=\count167
\c@section=\count168
\c@subsection=\count169
\c@subsubsection=\count170
\c@paragraph=\count171
\c@subparagraph=\count172
\c@figure=\count173
\c@table=\count174
\abovecaptionskip=\skip47
\belowcaptionskip=\skip48
\bibindent=\dimen134
)
("C:\Users\mocha\AppData\Local\Programs\MiKTeX 2.9\tex/latex/geometry\geometry.
sty"
Package: geometry 2020/01/02 v5.9 Page Geometry

("C:\Users\mocha\AppData\Local\Programs\MiKTeX 2.9\tex/latex/graphics\keyval.st
y"
Package: keyval 2014/10/28 v1.15 key=value parser (DPC)
\KV@toks@=\toks14
)
("C:\Users\mocha\AppData\Local\Programs\MiKTeX 2.9\tex/generic/iftex\ifvtex.sty
"
Package: ifvtex 2019/10/25 v1.7 ifvtex legacy package. Use iftex instead.
 ("C:\Users\mocha\AppData\Local\Programs\MiKTeX 2.9\tex/generic/iftex\iftex.sty
"
Package: iftex 2019/11/07 v1.0c TeX engine tests
))
\Gm@cnth=\count175
\Gm@cntv=\count176
\c@Gm@tempcnt=\count177
\Gm@bindingoffset=\dimen135
\Gm@wd@mp=\dimen136
\Gm@odd@mp=\dimen137
\Gm@even@mp=\dimen138
\Gm@layoutwidth=\dimen139
\Gm@layoutheight=\dimen140
\Gm@layouthoffset=\dimen141
\Gm@layoutvoffset=\dimen142
\Gm@dimlist=\toks15

("C:\Users\mocha\AppData\Local\Programs\MiKTeX 2.9\tex/latex/geometry\geometry.
cfg"))
("C:\Users\mocha\AppData\Local\Programs\MiKTeX 2.9\tex/latex/pdfpages\pdfpages.
sty"
Package: pdfpages 2020/01/28 v0.5q Insert pages of external PDF documents (AM)

("C:\Users\mocha\AppData\Local\Programs\MiKTeX 2.9\tex/latex/base\ifthen.sty"
Package: ifthen 2014/09/29 v1.1c Standard LaTeX ifthen package (DPC)
)
("C:\Users\mocha\AppData\Local\Programs\MiKTeX 2.9\tex/latex/tools\calc.sty"
Package: calc 2017/05/25 v4.3 Infix arithmetic (KKT,FJ)
\calc@Acount=\count178
\calc@Bcount=\count179
\calc@Adimen=\dimen143
\calc@Bdimen=\dimen144
\calc@Askip=\skip49
\calc@Bskip=\skip50
LaTeX Info: Redefining \setlength on input line 80.
LaTeX Info: Redefining \addtolength on input line 81.
\calc@Ccount=\count180
\calc@Cskip=\skip51
)
("C:\Users\mocha\AppData\Local\Programs\MiKTeX 2.9\tex/latex/eso-pic\eso-pic.st
y"
Package: eso-pic 2018/04/12 v2.0h eso-pic (RN)

("C:\Users\mocha\AppData\Local\Programs\MiKTeX 2.9\tex/generic/atbegshi\atbegsh
i.sty"
Package: atbegshi 2019/12/05 v1.19 At begin shipout hook (HO)

("C:\Users\mocha\AppData\Local\Programs\MiKTeX 2.9\tex/generic/infwarerr\infwar
err.sty"
Package: infwarerr 2019/12/03 v1.5 Providing info/warning/error messages (HO)
)
("C:\Users\mocha\AppData\Local\Programs\MiKTeX 2.9\tex/generic/ltxcmds\ltxcmds.
sty"
Package: ltxcmds 2019/12/15 v1.24 LaTeX kernel commands for general use (HO)
))
("C:\Users\mocha\AppData\Local\Programs\MiKTeX 2.9\tex/latex/xcolor\xcolor.sty"
Package: xcolor 2016/05/11 v2.12 LaTeX color extensions (UK)

("C:\Users\mocha\AppData\Local\Programs\MiKTeX 2.9\tex/latex/graphics-cfg\color
.cfg"
File: color.cfg 2016/01/02 v1.6 sample color configuration
)
Package xcolor Info: Driver file: pdftex.def on input line 225.

("C:\Users\mocha\AppData\Local\Programs\MiKTeX 2.9\tex/latex/graphics-def\pdfte
x.def"
File: pdftex.def 2018/01/08 v1.0l Graphics/color driver for pdftex
)
Package xcolor Info: Model `cmy' substituted by `cmy0' on input line 1348.
Package xcolor Info: Model `hsb' substituted by `rgb' on input line 1352.
Package xcolor Info: Model `RGB' extended on input line 1364.
Package xcolor Info: Model `HTML' substituted by `rgb' on input line 1366.
Package xcolor Info: Model `Hsb' substituted by `hsb' on input line 1367.
Package xcolor Info: Model `tHsb' substituted by `hsb' on input line 1368.
Package xcolor Info: Model `HSB' substituted by `hsb' on input line 1369.
Package xcolor Info: Model `Gray' substituted by `gray' on input line 1370.
Package xcolor Info: Model `wave' substituted by `hsb' on input line 1371.
))
("C:\Users\mocha\AppData\Local\Programs\MiKTeX 2.9\tex/latex/graphics\graphicx.
sty"
Package: graphicx 2019/11/30 v1.2a Enhanced LaTeX Graphics (DPC,SPQR)

("C:\Users\mocha\AppData\Local\Programs\MiKTeX 2.9\tex/latex/graphics\graphics.
sty"
Package: graphics 2019/11/30 v1.4a Standard LaTeX Graphics (DPC,SPQR)

("C:\Users\mocha\AppData\Local\Programs\MiKTeX 2.9\tex/latex/graphics\trig.sty"
Package: trig 2016/01/03 v1.10 sin cos tan (DPC)
)
("C:\Users\mocha\AppData\Local\Programs\MiKTeX 2.9\tex/latex/graphics-cfg\graph
ics.cfg"
File: graphics.cfg 2016/06/04 v1.11 sample graphics configuration
)
Package graphics Info: Driver file: pdftex.def on input line 105.
)
\Gin@req@height=\dimen145
\Gin@req@width=\dimen146
)
\AM@pagewidth=\dimen147
\AM@pageheight=\dimen148

("C:\Users\mocha\AppData\Local\Programs\MiKTeX 2.9\tex/latex/pdfpages\pppdftex.
def"
File: pppdftex.def 2020/01/28 v0.5q Pdfpages driver for pdfTeX (AM)
)
\AM@pagebox=\box45
\AM@global@opts=\toks16
\AM@pagecnt=\count181
\AM@toc@title=\toks17
\c@AM@survey=\count182
\AM@templatesizebox=\box46
)
("C:\Users\mocha\AppData\Local\Programs\MiKTeX 2.9\tex/latex/hyperref\hyperref.
sty"
Package: hyperref 2020/01/14 v7.00d Hypertext links for LaTeX

("C:\Users\mocha\AppData\Local\Programs\MiKTeX 2.9\tex/latex/pdftexcmds\pdftexc
mds.sty"
Package: pdftexcmds 2019/11/24 v0.31 Utility functions of pdfTeX for LuaTeX (HO
)
Package pdftexcmds Info: \pdf@primitive is available.
Package pdftexcmds Info: \pdf@ifprimitive is available.
Package pdftexcmds Info: \pdfdraftmode found.
)
("C:\Users\mocha\AppData\Local\Programs\MiKTeX 2.9\tex/generic/kvsetkeys\kvsetk
eys.sty"
Package: kvsetkeys 2019/12/15 v1.18 Key value parser (HO)
)
("C:\Users\mocha\AppData\Local\Programs\MiKTeX 2.9\tex/generic/kvdefinekeys\kvd
efinekeys.sty"
Package: kvdefinekeys 2019-12-19 v1.6 Define keys (HO)
)
("C:\Users\mocha\AppData\Local\Programs\MiKTeX 2.9\tex/generic/pdfescape\pdfesc
ape.sty"
Package: pdfescape 2019/12/09 v1.15 Implements pdfTeX's escape features (HO)
)
("C:\Users\mocha\AppData\Local\Programs\MiKTeX 2.9\tex/latex/hycolor\hycolor.st
y"
Package: hycolor 2020-01-27 v1.10 Color options for hyperref/bookmark (HO)
)
("C:\Users\mocha\AppData\Local\Programs\MiKTeX 2.9\tex/latex/letltxmacro\letltx
macro.sty"
Package: letltxmacro 2019/12/03 v1.6 Let assignment for LaTeX macros (HO)
)
("C:\Users\mocha\AppData\Local\Programs\MiKTeX 2.9\tex/latex/auxhook\auxhook.st
y"
Package: auxhook 2019-12-17 v1.6 Hooks for auxiliary files (HO)
)
("C:\Users\mocha\AppData\Local\Programs\MiKTeX 2.9\tex/latex/kvoptions\kvoption
s.sty"
Package: kvoptions 2019/11/29 v3.13 Key value format for package options (HO)
)
\@linkdim=\dimen149
\Hy@linkcounter=\count183
\Hy@pagecounter=\count184

("C:\Users\mocha\AppData\Local\Programs\MiKTeX 2.9\tex/latex/hyperref\pd1enc.de
f"
File: pd1enc.def 2020/01/14 v7.00d Hyperref: PDFDocEncoding definition (HO)
Now handling font encoding PD1 ...
... no UTF-8 mapping file for font encoding PD1
)
("C:\Users\mocha\AppData\Local\Programs\MiKTeX 2.9\tex/generic/intcalc\intcalc.
sty"
Package: intcalc 2019/12/15 v1.3 Expandable calculations with integers (HO)
)
("C:\Users\mocha\AppData\Local\Programs\MiKTeX 2.9\tex/generic/etexcmds\etexcmd
s.sty"
Package: etexcmds 2019/12/15 v1.7 Avoid name clashes with e-TeX commands (HO)
)
\Hy@SavedSpaceFactor=\count185
Package hyperref Info: Option `bookmarks' set `false' on input line 4421.
Package hyperref Info: Hyper figures OFF on input line 4547.
Package hyperref Info: Link nesting OFF on input line 4552.
Package hyperref Info: Hyper index ON on input line 4555.
Package hyperref Info: Plain pages OFF on input line 4562.
Package hyperref Info: Backreferencing OFF on input line 4567.
Package hyperref Info: Implicit mode ON; LaTeX internals redefined.
Package hyperref Info: Bookmarks OFF on input line 4806.
\c@Hy@tempcnt=\count186
 ("C:\Users\mocha\AppData\Local\Programs\MiKTeX 2.9\tex/latex/url\url.sty"
\Urlmuskip=\muskip16
Package: url 2013/09/16  ver 3.4  Verb mode for urls, etc.
)
LaTeX Info: Redefining \url on input line 5159.
\XeTeXLinkMargin=\dimen150

("C:\Users\mocha\AppData\Local\Programs\MiKTeX 2.9\tex/generic/bitset\bitset.st
y"
Package: bitset 2019/12/09 v1.3 Handle bit-vector datatype (HO)

("C:\Users\mocha\AppData\Local\Programs\MiKTeX 2.9\tex/generic/bigintcalc\bigin
tcalc.sty"
Package: bigintcalc 2019/12/15 v1.5 Expandable calculations on big integers (HO
)
))
\Fld@menulength=\count187
\Field@Width=\dimen151
\Fld@charsize=\dimen152
Package hyperref Info: Hyper figures OFF on input line 6430.
Package hyperref Info: Link nesting OFF on input line 6435.
Package hyperref Info: Hyper index ON on input line 6438.
Package hyperref Info: backreferencing OFF on input line 6445.
Package hyperref Info: Link coloring OFF on input line 6450.
Package hyperref Info: Link coloring with OCG OFF on input line 6455.
Package hyperref Info: PDF/A mode OFF on input line 6460.
LaTeX Info: Redefining \ref on input line 6500.
LaTeX Info: Redefining \pageref on input line 6504.
\Hy@abspage=\count188
\c@Item=\count189
\c@Hfootnote=\count190
)
Package hyperref Info: Driver (autodetected): hpdftex.

("C:\Users\mocha\AppData\Local\Programs\MiKTeX 2.9\tex/latex/hyperref\hpdftex.d
ef"
File: hpdftex.def 2020/01/14 v7.00d Hyperref driver for pdfTeX

("C:\Users\mocha\AppData\Local\Programs\MiKTeX 2.9\tex/latex/atveryend\atveryen
d.sty"
Package: atveryend 2019-12-11 v1.11 Hooks at the very end of document (HO)
Package atveryend Info: \enddocument detected (standard20110627).
)
\Fld@listcount=\count191
\c@bookmark@seq@number=\count192

("C:\Users\mocha\AppData\Local\Programs\MiKTeX 2.9\tex/latex/rerunfilecheck\rer
unfilecheck.sty"
Package: rerunfilecheck 2019/12/05 v1.9 Rerun checks for auxiliary files (HO)

("C:\Users\mocha\AppData\Local\Programs\MiKTeX 2.9\tex/generic/uniquecounter\un
iquecounter.sty"
Package: uniquecounter 2019/12/15 v1.4 Provide unlimited unique counter (HO)
)
Package uniquecounter Info: New unique counter `rerunfilecheck' on input line 2
86.
)
\Hy@SectionHShift=\skip52
)
("C:\Users\mocha\AppData\Local\Programs\MiKTeX 2.9\tex/latex/minted\minted.sty"
Package: minted 2017/07/19 v2.5 Yet another Pygments shim for LaTeX

("C:\Users\mocha\AppData\Local\Programs\MiKTeX 2.9\tex/latex/fvextra\fvextra.st
y"
Package: fvextra 2019/02/04 v1.4 fvextra - extensions and patches for fancyvrb

("C:\Users\mocha\AppData\Local\Programs\MiKTeX 2.9\tex/latex/etoolbox\etoolbox.
sty"
Package: etoolbox 2019/09/21 v2.5h e-TeX tools for LaTeX (JAW)
\etb@tempcnta=\count193
)
("C:\Users\mocha\AppData\Local\Programs\MiKTeX 2.9\tex/latex/fancyvrb\fancyvrb.
sty"
Package: fancyvrb 2021/10/15 v3.9 verbatim text (tvz,hv)
\FV@CodeLineNo=\count194
\FV@InFile=\read2
\FV@TabBox=\box47
\c@FancyVerbLine=\count195
\FV@StepNumber=\count196
\FV@OutFile=\write3
)
("C:\Users\mocha\AppData\Local\Programs\MiKTeX 2.9\tex/latex/upquote\upquote.st
y"
Package: upquote 2012/04/19 v1.3 upright-quote and grave-accent glyphs in verba
tim
)
("C:\Users\mocha\AppData\Local\Programs\MiKTeX 2.9\tex/latex/lineno\lineno.sty"
Package: lineno 2005/11/02 line numbers on paragraphs v4.41
\linenopenalty=\count197
\output=\toks18
\linenoprevgraf=\count198
\linenumbersep=\dimen153
\linenumberwidth=\dimen154
\c@linenumber=\count199
\c@pagewiselinenumber=\count266
\c@LN@truepage=\count267
\c@internallinenumber=\count268
\c@internallinenumbers=\count269
\quotelinenumbersep=\dimen155
\bframerule=\dimen156
\bframesep=\dimen157
\bframebox=\box48
LaTeX Info: Redefining \\ on input line 3056.
)
\c@FV@TrueTabGroupLevel=\count270
\c@FV@TrueTabCounter=\count271
\FV@TabBox@Group=\box49
\FV@TmpLength=\skip53
\c@FV@HighlightLinesStart=\count272
\c@FV@HighlightLinesStop=\count273
\FV@LoopCount=\count274
\FV@NCharsBox=\box50
\FV@BreakIndent=\dimen158
\FV@BreakIndentNChars=\count275
\FV@BreakSymbolSepLeft=\dimen159
\FV@BreakSymbolSepLeftNChars=\count276
\FV@BreakSymbolSepRight=\dimen160
\FV@BreakSymbolSepRightNChars=\count277
\FV@BreakSymbolIndentLeft=\dimen161
\FV@BreakSymbolIndentLeftNChars=\count278
\FV@BreakSymbolIndentRight=\dimen162
\FV@BreakSymbolIndentRightNChars=\count279
\c@FancyVerbLineBreakLast=\count280
\FV@LineBox=\box51
\FV@LineIndentBox=\box52
\FV@LineWidth=\dimen163
)
("C:\Users\mocha\AppData\Local\Programs\MiKTeX 2.9\tex/latex/tools\shellesc.sty
"
Package: shellesc 2019/11/08 v1.0c unified shell escape interface for LaTeX
Package shellesc Info: Unrestricted shell escape enabled on input line 75.
)
("C:\Users\mocha\AppData\Local\Programs\MiKTeX 2.9\tex/latex/ifplatform\ifplatf
orm.sty"
Package: ifplatform 2017/10/13 v0.4a Testing for the operating system

("C:\Users\mocha\AppData\Local\Programs\MiKTeX 2.9\tex/generic/catchfile\catchf
ile.sty"
Package: catchfile 2019/12/09 v1.8 Catch the contents of a file (HO)
)
("C:\Users\mocha\AppData\Local\Programs\MiKTeX 2.9\tex/generic/iftex\ifluatex.s
ty"
Package: ifluatex 2019/10/25 v1.5 ifluatex legacy package. Use iftex instead.
))
("C:\Users\mocha\AppData\Local\Programs\MiKTeX 2.9\tex/latex/xstring\xstring.st
y"
("C:\Users\mocha\AppData\Local\Programs\MiKTeX 2.9\tex/generic/xstring\xstring.
tex"
\integerpart=\count281
\decimalpart=\count282
)
Package: xstring 2021/07/21 v1.84 String manipulations (CT)
)
("C:\Users\mocha\AppData\Local\Programs\MiKTeX 2.9\tex/latex/framed\framed.sty"
Package: framed 2011/10/22 v 0.96: framed or shaded text with page breaks
\OuterFrameSep=\skip54
\fb@frw=\dimen164
\fb@frh=\dimen165
\FrameRule=\dimen166
\FrameSep=\dimen167
) ("C:\Users\mocha\AppData\Local\Programs\MiKTeX 2.9\tex/latex/float\float.sty"
Package: float 2001/11/08 v1.3d Float enhancements (AL)
\c@float@type=\count283
\float@exts=\toks19
\float@box=\box53
\@float@everytoks=\toks20
\@floatcapt=\box54
)
\minted@appexistsfile=\read3
\minted@bgbox=\box55
\minted@code=\write4
\c@minted@FancyVerbLineTemp=\count284
\c@minted@pygmentizecounter=\count285
\@float@every@listing=\toks21
\c@listing=\count286
)
runsystem(if not exist _minted-generatePDF mkdir _minted-generatePDF)...execute
d.


("C:\Users\mocha\AppData\Local\Programs\MiKTeX 2.9\tex/latex/caption\caption.st
y"
Package: caption 2020/01/03 v3.4h Customizing captions (AR)

("C:\Users\mocha\AppData\Local\Programs\MiKTeX 2.9\tex/latex/caption\caption3.s
ty"
Package: caption3 2020/01/03 v1.8h caption3 kernel (AR)
Package caption3 Info: TeX engine: e-TeX on input line 61.
\captionmargin=\dimen168
\captionmargin@=\dimen169
\captionwidth=\dimen170
\caption@tempdima=\dimen171
\caption@indent=\dimen172
\caption@parindent=\dimen173
\caption@hangindent=\dimen174
Package caption Info: Standard document class detected.
)
\c@caption@flags=\count287
\c@continuedfloat=\count288
Package caption Info: float package is loaded.
Package caption Info: hyperref package is loaded.
)
("C:\Users\mocha\AppData\Local\Programs\MiKTeX 2.9\tex/latex/setspace\setspace.
sty"
Package: setspace 2011/12/19 v6.7a set line spacing
)
("C:\Users\mocha\AppData\Local\Programs\MiKTeX 2.9\tex/latex/fancyhdr\fancyhdr.
sty"
Package: fancyhdr 2019/01/31 v3.10 Extensive control of page headers and footer
s
\f@nch@headwidth=\skip55
\f@nch@O@elh=\skip56
\f@nch@O@erh=\skip57
\f@nch@O@olh=\skip58
\f@nch@O@orh=\skip59
\f@nch@O@elf=\skip60
\f@nch@O@erf=\skip61
\f@nch@O@olf=\skip62
\f@nch@O@orf=\skip63
)
runsystem(for ^%i in (pygmentize.exe pygmentize.bat pygmentize.cmd) do set > ge
neratePDF.aex <nul: /p x=^%~$PATH:i>> generatePDF.aex)...executed.

runsystem(del generatePDF.aex)...executed.


("C:\Users\mocha\AppData\Local\Programs\MiKTeX 2.9\tex/latex/l3backend\l3backen
d-pdfmode.def"
File: l3backend-pdfmode.def 2020-02-23 L3 backend support: PDF mode
\l__kernel_color_stack_int=\count289
\l__pdf_internal_box=\box56
) (generatePDF.aux)
\openout1 = `generatePDF.aux'.

LaTeX Font Info:    Checking defaults for OML/cmm/m/it on input line 49.
LaTeX Font Info:    ... okay on input line 49.
LaTeX Font Info:    Checking defaults for OMS/cmsy/m/n on input line 49.
LaTeX Font Info:    ... okay on input line 49.
LaTeX Font Info:    Checking defaults for OT1/cmr/m/n on input line 49.
LaTeX Font Info:    ... okay on input line 49.
LaTeX Font Info:    Checking defaults for T1/cmr/m/n on input line 49.
LaTeX Font Info:    ... okay on input line 49.
LaTeX Font Info:    Checking defaults for TS1/cmr/m/n on input line 49.
LaTeX Font Info:    ... okay on input line 49.
LaTeX Font Info:    Checking defaults for OMX/cmex/m/n on input line 49.
LaTeX Font Info:    ... okay on input line 49.
LaTeX Font Info:    Checking defaults for U/cmr/m/n on input line 49.
LaTeX Font Info:    ... okay on input line 49.
LaTeX Font Info:    Checking defaults for PD1/pdf/m/n on input line 49.
LaTeX Font Info:    ... okay on input line 49.

*geometry* driver: auto-detecting
*geometry* detected driver: pdftex
*geometry* verbose mode - [ preamble ] result:
* driver: pdftex
* paper: a4paper
* layout: <same size as paper>
* layoutoffset:(h,v)=(0.0pt,0.0pt)
* modes: 
* h-part:(L,W,R)=(113.81102pt, 398.3386pt, 85.35826pt)
* v-part:(T,H,B)=(85.35826pt, 674.33032pt, 85.35826pt)
* \paperwidth=597.50787pt
* \paperheight=845.04684pt
* \textwidth=398.3386pt
* \textheight=674.33032pt
* \oddsidemargin=41.54103pt
* \evensidemargin=41.54103pt
* \topmargin=-23.91173pt
* \headheight=12.0pt
* \headsep=25.0pt
* \topskip=10.0pt
* \footskip=30.0pt
* \marginparwidth=65.0pt
* \marginparsep=11.0pt
* \columnsep=10.0pt
* \skip\footins=9.0pt plus 4.0pt minus 2.0pt
* \hoffset=0.0pt
* \voffset=0.0pt
* \mag=1000
* \@twocolumnfalse
* \@twosidefalse
* \@mparswitchfalse
* \@reversemarginfalse
* (1in=72.27pt=25.4mm, 1cm=28.453pt)

\AtBeginShipoutBox=\box57

("C:\Users\mocha\AppData\Local\Programs\MiKTeX 2.9\tex/context/base/mkii\supp-p
df.mkii"
[Loading MPS to PDF converter (version 2006.09.02).]
\scratchcounter=\count290
\scratchdimen=\dimen175
\scratchbox=\box58
\nofMPsegments=\count291
\nofMParguments=\count292
\everyMPshowfont=\toks22
\MPscratchCnt=\count293
\MPscratchDim=\dimen176
\MPnumerator=\count294
\makeMPintoPDFobject=\count295
\everyMPtoPDFconversion=\toks23
)
("C:\Users\mocha\AppData\Local\Programs\MiKTeX 2.9\tex/latex/epstopdf-pkg\epsto
pdf-base.sty"
Package: epstopdf-base 2020-01-24 v2.11 Base part for package epstopdf
Package epstopdf-base Info: Redefining graphics rule for `.eps' on input line 4
85.
)
("C:\Users\mocha\AppData\Local\Programs\MiKTeX 2.9\tex/latex/pdflscape\pdflscap
e.sty"
Package: pdflscape 2019/12/05 v0.12 Display of landscape pages in PDF (HO)

("C:\Users\mocha\AppData\Local\Programs\MiKTeX 2.9\tex/latex/graphics\lscape.st
y"
Package: lscape 2000/10/22 v3.01 Landscape Pages (DPC)
)
Package pdflscape Info: Auto-detected driver: pdftex on input line 81.
)
Package hyperref Info: Link coloring OFF on input line 49.

("C:\Users\mocha\AppData\Local\Programs\MiKTeX 2.9\tex/latex/hyperref\nameref.s
ty"
Package: nameref 2019/09/16 v2.46 Cross-referencing by name of section

("C:\Users\mocha\AppData\Local\Programs\MiKTeX 2.9\tex/latex/refcount\refcount.
sty"
Package: refcount 2019/12/15 v3.6 Data extraction from label references (HO)
)
("C:\Users\mocha\AppData\Local\Programs\MiKTeX 2.9\tex/generic/gettitlestring\g
ettitlestring.sty"
Package: gettitlestring 2019/12/15 v1.6 Cleanup title references (HO)
)
\c@section@level=\count296
)
LaTeX Info: Redefining \ref on input line 49.
LaTeX Info: Redefining \pageref on input line 49.
LaTeX Info: Redefining \nameref on input line 49.
Package caption Info: Begin \AtBeginDocument code.
Package caption Info: End \AtBeginDocument code.
LaTeX Font Info:    External font `cmex10' loaded for size
(Font)              <12> on input line 51.
LaTeX Font Info:    External font `cmex10' loaded for size
(Font)              <8> on input line 51.
LaTeX Font Info:    External font `cmex10' loaded for size
(Font)              <6> on input line 51.


LaTeX Warning: No \author given.

(_minted-generatePDF/default-pyg-prefix.pygstyle)
(_minted-generatePDF/default.pygstyle)
runsystem(pygmentize -l latex -f latex -P commandprefix=PYG -F tokenmerge -o _m
inted-generatePDF/47E1E7DE8C822B2D355EB99A54F2D21DFF1E20C251AEC93FD3677A727BDDB
5AB.pygtex generatePDF.tex)...executed.


(_minted-generatePDF/47E1E7DE8C822B2D355EB99A54F2D21DFF1E20C251AEC93FD3677A727B
DDB5AB.pygtex
LaTeX Font Info:    Font shape `OT1/cmtt/bx/n' in size <8> not available
(Font)              Font shape `OT1/cmtt/m/n' tried instead on input line 2.
LaTeX Font Info:    External font `cmex10' loaded for size
(Font)              <5> on input line 2.
LaTeX Font Info:    External font `cmex10' loaded for size
(Font)              <7> on input line 56.
 [43

{C:/Users/mocha/AppData/Local/MiKTeX/2.9/pdftex/config/pdftex.map}] [44] [45] [
46] [47] [48])
Package hyperref Info: bookmark level for unknown listing defaults to 0 on inpu
t line 54.
<codes/product_manual.pdf, id=38, 1445.4pt x 813.0375pt>
File: codes/product_manual.pdf Graphic file (type pdf)
<use codes/product_manual.pdf>
Package pdftex.def Info: codes/product_manual.pdf  used on input line 57.
(pdftex.def)             Requested size: 1445.39648pt x 813.03552pt.
File: codes/product_manual.pdf Graphic file (type pdf)
<use codes/product_manual.pdf>
Package pdftex.def Info: codes/product_manual.pdf  used on input line 57.
(pdftex.def)             Requested size: 1445.39648pt x 813.03552pt.
<codes/product_manual.pdf, id=41, page=1, 1445.4pt x 813.0375pt>
File: codes/product_manual.pdf Graphic file (type pdf)
<use codes/product_manual.pdf, page 1>
Package pdftex.def Info: codes/product_manual.pdf , page1 used on input line 57
.
(pdftex.def)             Requested size: 1445.39648pt x 813.03552pt.
File: codes/product_manual.pdf Graphic file (type pdf)
<use codes/product_manual.pdf, page 1>
Package pdftex.def Info: codes/product_manual.pdf , page1 used on input line 57
.
(pdftex.def)             Requested size: 1084.04736pt x 609.77664pt.
 [49]
File: codes/product_manual.pdf Graphic file (type pdf)
<use codes/product_manual.pdf, page 1>
Package pdftex.def Info: codes/product_manual.pdf , page1 used on input line 57
.
(pdftex.def)             Requested size: 1084.04736pt x 609.77664pt.
File: codes/product_manual.pdf Graphic file (type pdf)
<use codes/product_manual.pdf, page 1>
Package pdftex.def Info: codes/product_manual.pdf , page1 used on input line 57
.
(pdftex.def)             Requested size: 1084.04736pt x 609.77664pt.
<codes/product_manual.pdf, id=47, page=2, 1445.4pt x 813.0375pt>
File: codes/product_manual.pdf Graphic file (type pdf)
<use codes/product_manual.pdf, page 2>
Package pdftex.def Info: codes/product_manual.pdf , page2 used on input line 57
.
(pdftex.def)             Requested size: 1084.04736pt x 609.77664pt.
File: codes/product_manual.pdf Graphic file (type pdf)
<use codes/product_manual.pdf, page 2>
Package pdftex.def Info: codes/product_manual.pdf , page2 used on input line 57
.
(pdftex.def)             Requested size: 1084.04736pt x 609.77664pt.
<codes/product_manual.pdf, id=48, page=3, 1445.4pt x 813.0375pt>
File: codes/product_manual.pdf Graphic file (type pdf)
<use codes/product_manual.pdf, page 3>
Package pdftex.def Info: codes/product_manual.pdf , page3 used on input line 57
.
(pdftex.def)             Requested size: 1084.04736pt x 609.77664pt.
File: codes/product_manual.pdf Graphic file (type pdf)
<use codes/product_manual.pdf, page 3>
Package pdftex.def Info: codes/product_manual.pdf , page3 used on input line 57
.
(pdftex.def)             Requested size: 1084.04736pt x 609.77664pt.
File: codes/product_manual.pdf Graphic file (type pdf)
<use codes/product_manual.pdf, page 1>
Package pdftex.def Info: codes/product_manual.pdf , page1 used on input line 57
.
(pdftex.def)             Requested size: 1084.04736pt x 609.77664pt.
File: codes/product_manual.pdf Graphic file (type pdf)
<use codes/product_manual.pdf, page 2>
Package pdftex.def Info: codes/product_manual.pdf , page2 used on input line 57
.
(pdftex.def)             Requested size: 1084.04736pt x 609.77664pt.
File: codes/product_manual.pdf Graphic file (type pdf)
<use codes/product_manual.pdf, page 3>
Package pdftex.def Info: codes/product_manual.pdf , page3 used on input line 57
.
(pdftex.def)             Requested size: 1084.04736pt x 609.77664pt.
 [50 <./codes/product_manual.pdf> <./codes/product_manual.pdf> <./codes/product
_manual.pdf>]
File: codes/product_manual.pdf Graphic file (type pdf)
<use codes/product_manual.pdf>
Package pdftex.def Info: codes/product_manual.pdf  used on input line 58.
(pdftex.def)             Requested size: 1445.39648pt x 813.03552pt.
File: codes/product_manual.pdf Graphic file (type pdf)
<use codes/product_manual.pdf>
Package pdftex.def Info: codes/product_manual.pdf  used on input line 58.
(pdftex.def)             Requested size: 1445.39648pt x 813.03552pt.
<codes/product_manual.pdf, id=222, page=4, 1445.4pt x 813.0375pt>
File: codes/product_manual.pdf Graphic file (type pdf)
<use codes/product_manual.pdf, page 4>
Package pdftex.def Info: codes/product_manual.pdf , page4 used on input line 58
.
(pdftex.def)             Requested size: 1445.39648pt x 813.03552pt.
File: codes/product_manual.pdf Graphic file (type pdf)
<use codes/product_manual.pdf, page 4>
Package pdftex.def Info: codes/product_manual.pdf , page4 used on input line 58
.
(pdftex.def)             Requested size: 1084.04736pt x 609.77664pt.
File: codes/product_manual.pdf Graphic file (type pdf)
<use codes/product_manual.pdf, page 4>
Package pdftex.def Info: codes/product_manual.pdf , page4 used on input line 58
.
(pdftex.def)             Requested size: 1084.04736pt x 609.77664pt.
File: codes/product_manual.pdf Graphic file (type pdf)
<use codes/product_manual.pdf, page 4>
Package pdftex.def Info: codes/product_manual.pdf , page4 used on input line 58
.
(pdftex.def)             Requested size: 1084.04736pt x 609.77664pt.
<codes/product_manual.pdf, id=223, page=5, 1445.4pt x 813.0375pt>
File: codes/product_manual.pdf Graphic file (type pdf)
<use codes/product_manual.pdf, page 5>
Package pdftex.def Info: codes/product_manual.pdf , page5 used on input line 58
.
(pdftex.def)             Requested size: 1084.04736pt x 609.77664pt.
File: codes/product_manual.pdf Graphic file (type pdf)
<use codes/product_manual.pdf, page 5>
Package pdftex.def Info: codes/product_manual.pdf , page5 used on input line 58
.
(pdftex.def)             Requested size: 1084.04736pt x 609.77664pt.
<codes/product_manual.pdf, id=224, page=6, 1445.4pt x 813.0375pt>
File: codes/product_manual.pdf Graphic file (type pdf)
<use codes/product_manual.pdf, page 6>
Package pdftex.def Info: codes/product_manual.pdf , page6 used on input line 58
.
(pdftex.def)             Requested size: 1084.04736pt x 609.77664pt.
File: codes/product_manual.pdf Graphic file (type pdf)
<use codes/product_manual.pdf, page 6>
Package pdftex.def Info: codes/product_manual.pdf , page6 used on input line 58
.
(pdftex.def)             Requested size: 1084.04736pt x 609.77664pt.
File: codes/product_manual.pdf Graphic file (type pdf)
<use codes/product_manual.pdf, page 4>
Package pdftex.def Info: codes/product_manual.pdf , page4 used on input line 58
.
(pdftex.def)             Requested size: 1084.04736pt x 609.77664pt.
File: codes/product_manual.pdf Graphic file (type pdf)
<use codes/product_manual.pdf, page 5>
Package pdftex.def Info: codes/product_manual.pdf , page5 used on input line 58
.
(pdftex.def)             Requested size: 1084.04736pt x 609.77664pt.
File: codes/product_manual.pdf Graphic file (type pdf)
<use codes/product_manual.pdf, page 6>
Package pdftex.def Info: codes/product_manual.pdf , page6 used on input line 58
.
(pdftex.def)             Requested size: 1084.04736pt x 609.77664pt.
 [51 <./codes/product_manual.pdf> <./codes/product_manual.pdf> <./codes/product
_manual.pdf>]
<codes/product_manual.pdf, id=280, page=7, 1445.4pt x 813.0375pt>
File: codes/product_manual.pdf Graphic file (type pdf)
<use codes/product_manual.pdf, page 7>
Package pdftex.def Info: codes/product_manual.pdf , page7 used on input line 58
.
(pdftex.def)             Requested size: 1084.04736pt x 609.77664pt.
File: codes/product_manual.pdf Graphic file (type pdf)
<use codes/product_manual.pdf, page 7>
Package pdftex.def Info: codes/product_manual.pdf , page7 used on input line 58
.
(pdftex.def)             Requested size: 1084.04736pt x 609.77664pt.
<codes/product_manual.pdf, id=281, page=8, 1445.4pt x 813.0375pt>
File: codes/product_manual.pdf Graphic file (type pdf)
<use codes/product_manual.pdf, page 8>
Package pdftex.def Info: codes/product_manual.pdf , page8 used on input line 58
.
(pdftex.def)             Requested size: 1084.04736pt x 609.77664pt.
File: codes/product_manual.pdf Graphic file (type pdf)
<use codes/product_manual.pdf, page 8>
Package pdftex.def Info: codes/product_manual.pdf , page8 used on input line 58
.
(pdftex.def)             Requested size: 1084.04736pt x 609.77664pt.
<codes/product_manual.pdf, id=282, page=9, 1445.4pt x 813.0375pt>
File: codes/product_manual.pdf Graphic file (type pdf)
<use codes/product_manual.pdf, page 9>
Package pdftex.def Info: codes/product_manual.pdf , page9 used on input line 58
.
(pdftex.def)             Requested size: 1084.04736pt x 609.77664pt.
File: codes/product_manual.pdf Graphic file (type pdf)
<use codes/product_manual.pdf, page 9>
Package pdftex.def Info: codes/product_manual.pdf , page9 used on input line 58
.
(pdftex.def)             Requested size: 1084.04736pt x 609.77664pt.
File: codes/product_manual.pdf Graphic file (type pdf)
<use codes/product_manual.pdf, page 7>
Package pdftex.def Info: codes/product_manual.pdf , page7 used on input line 58
.
(pdftex.def)             Requested size: 1084.04736pt x 609.77664pt.
File: codes/product_manual.pdf Graphic file (type pdf)
<use codes/product_manual.pdf, page 8>
Package pdftex.def Info: codes/product_manual.pdf , page8 used on input line 58
.
(pdftex.def)             Requested size: 1084.04736pt x 609.77664pt.
File: codes/product_manual.pdf Graphic file (type pdf)
<use codes/product_manual.pdf, page 9>
Package pdftex.def Info: codes/product_manual.pdf , page9 used on input line 58
.
(pdftex.def)             Requested size: 1084.04736pt x 609.77664pt.
 [52 <./codes/product_manual.pdf> <./codes/product_manual.pdf> <./codes/product
_manual.pdf>]
<codes/product_manual.pdf, id=304, page=10, 1445.4pt x 813.0375pt>
File: codes/product_manual.pdf Graphic file (type pdf)
<use codes/product_manual.pdf, page 10>
Package pdftex.def Info: codes/product_manual.pdf , page10 used on input line 5
8.
(pdftex.def)             Requested size: 1084.04736pt x 609.77664pt.
File: codes/product_manual.pdf Graphic file (type pdf)
<use codes/product_manual.pdf, page 10>
Package pdftex.def Info: codes/product_manual.pdf , page10 used on input line 5
8.
(pdftex.def)             Requested size: 1084.04736pt x 609.77664pt.
<codes/product_manual.pdf, id=305, page=11, 1445.4pt x 813.0375pt>
File: codes/product_manual.pdf Graphic file (type pdf)
<use codes/product_manual.pdf, page 11>
Package pdftex.def Info: codes/product_manual.pdf , page11 used on input line 5
8.
(pdftex.def)             Requested size: 1084.04736pt x 609.77664pt.
File: codes/product_manual.pdf Graphic file (type pdf)
<use codes/product_manual.pdf, page 11>
Package pdftex.def Info: codes/product_manual.pdf , page11 used on input line 5
8.
(pdftex.def)             Requested size: 1084.04736pt x 609.77664pt.
<codes/product_manual.pdf, id=306, page=12, 1445.4pt x 813.0375pt>
File: codes/product_manual.pdf Graphic file (type pdf)
<use codes/product_manual.pdf, page 12>
Package pdftex.def Info: codes/product_manual.pdf , page12 used on input line 5
8.
(pdftex.def)             Requested size: 1084.04736pt x 609.77664pt.
File: codes/product_manual.pdf Graphic file (type pdf)
<use codes/product_manual.pdf, page 12>
Package pdftex.def Info: codes/product_manual.pdf , page12 used on input line 5
8.
(pdftex.def)             Requested size: 1084.04736pt x 609.77664pt.
File: codes/product_manual.pdf Graphic file (type pdf)
<use codes/product_manual.pdf, page 10>
Package pdftex.def Info: codes/product_manual.pdf , page10 used on input line 5
8.
(pdftex.def)             Requested size: 1084.04736pt x 609.77664pt.
File: codes/product_manual.pdf Graphic file (type pdf)
<use codes/product_manual.pdf, page 11>
Package pdftex.def Info: codes/product_manual.pdf , page11 used on input line 5
8.
(pdftex.def)             Requested size: 1084.04736pt x 609.77664pt.
File: codes/product_manual.pdf Graphic file (type pdf)
<use codes/product_manual.pdf, page 12>
Package pdftex.def Info: codes/product_manual.pdf , page12 used on input line 5
8.
(pdftex.def)             Requested size: 1084.04736pt x 609.77664pt.

[53 <./codes/product_manual.pdf> <./codes/product_manual.pdf> <./codes/product_
manual.pdf>]
<codes/product_manual.pdf, id=316, page=13, 1445.4pt x 813.0375pt>
File: codes/product_manual.pdf Graphic file (type pdf)
<use codes/product_manual.pdf, page 13>
Package pdftex.def Info: codes/product_manual.pdf , page13 used on input line 5
8.
(pdftex.def)             Requested size: 1084.04736pt x 609.77664pt.
File: codes/product_manual.pdf Graphic file (type pdf)
<use codes/product_manual.pdf, page 13>
Package pdftex.def Info: codes/product_manual.pdf , page13 used on input line 5
8.
(pdftex.def)             Requested size: 1084.04736pt x 609.77664pt.
<codes/product_manual.pdf, id=317, page=14, 1445.4pt x 813.0375pt>
File: codes/product_manual.pdf Graphic file (type pdf)
<use codes/product_manual.pdf, page 14>
Package pdftex.def Info: codes/product_manual.pdf , page14 used on input line 5
8.
(pdftex.def)             Requested size: 1084.04736pt x 609.77664pt.
File: codes/product_manual.pdf Graphic file (type pdf)
<use codes/product_manual.pdf, page 14>
Package pdftex.def Info: codes/product_manual.pdf , page14 used on input line 5
8.
(pdftex.def)             Requested size: 1084.04736pt x 609.77664pt.
<codes/product_manual.pdf, id=318, page=15, 1445.4pt x 813.0375pt>
File: codes/product_manual.pdf Graphic file (type pdf)
<use codes/product_manual.pdf, page 15>
Package pdftex.def Info: codes/product_manual.pdf , page15 used on input line 5
8.
(pdftex.def)             Requested size: 1084.04736pt x 609.77664pt.
File: codes/product_manual.pdf Graphic file (type pdf)
<use codes/product_manual.pdf, page 15>
Package pdftex.def Info: codes/product_manual.pdf , page15 used on input line 5
8.
(pdftex.def)             Requested size: 1084.04736pt x 609.77664pt.
File: codes/product_manual.pdf Graphic file (type pdf)
<use codes/product_manual.pdf, page 13>
Package pdftex.def Info: codes/product_manual.pdf , page13 used on input line 5
8.
(pdftex.def)             Requested size: 1084.04736pt x 609.77664pt.
File: codes/product_manual.pdf Graphic file (type pdf)
<use codes/product_manual.pdf, page 14>
Package pdftex.def Info: codes/product_manual.pdf , page14 used on input line 5
8.
(pdftex.def)             Requested size: 1084.04736pt x 609.77664pt.
File: codes/product_manual.pdf Graphic file (type pdf)
<use codes/product_manual.pdf, page 15>
Package pdftex.def Info: codes/product_manual.pdf , page15 used on input line 5
8.
(pdftex.def)             Requested size: 1084.04736pt x 609.77664pt.
 [54 <./codes/product_manual.pdf> <./codes/product_manual.pdf> <./codes/product
_manual.pdf>]
<codes/product_manual.pdf, id=330, page=16, 1445.4pt x 813.0375pt>
File: codes/product_manual.pdf Graphic file (type pdf)
<use codes/product_manual.pdf, page 16>
Package pdftex.def Info: codes/product_manual.pdf , page16 used on input line 5
8.
(pdftex.def)             Requested size: 1084.04736pt x 609.77664pt.
File: codes/product_manual.pdf Graphic file (type pdf)
<use codes/product_manual.pdf, page 16>
Package pdftex.def Info: codes/product_manual.pdf , page16 used on input line 5
8.
(pdftex.def)             Requested size: 1084.04736pt x 609.77664pt.
<codes/product_manual.pdf, id=331, page=17, 1445.4pt x 813.0375pt>
File: codes/product_manual.pdf Graphic file (type pdf)
<use codes/product_manual.pdf, page 17>
Package pdftex.def Info: codes/product_manual.pdf , page17 used on input line 5
8.
(pdftex.def)             Requested size: 1084.04736pt x 609.77664pt.
File: codes/product_manual.pdf Graphic file (type pdf)
<use codes/product_manual.pdf, page 17>
Package pdftex.def Info: codes/product_manual.pdf , page17 used on input line 5
8.
(pdftex.def)             Requested size: 1084.04736pt x 609.77664pt.
<codes/product_manual.pdf, id=332, page=18, 1445.4pt x 813.0375pt>
File: codes/product_manual.pdf Graphic file (type pdf)
<use codes/product_manual.pdf, page 18>
Package pdftex.def Info: codes/product_manual.pdf , page18 used on input line 5
8.
(pdftex.def)             Requested size: 1084.04736pt x 609.77664pt.
File: codes/product_manual.pdf Graphic file (type pdf)
<use codes/product_manual.pdf, page 18>
Package pdftex.def Info: codes/product_manual.pdf , page18 used on input line 5
8.
(pdftex.def)             Requested size: 1084.04736pt x 609.77664pt.
File: codes/product_manual.pdf Graphic file (type pdf)
<use codes/product_manual.pdf, page 16>
Package pdftex.def Info: codes/product_manual.pdf , page16 used on input line 5
8.
(pdftex.def)             Requested size: 1084.04736pt x 609.77664pt.
File: codes/product_manual.pdf Graphic file (type pdf)
<use codes/product_manual.pdf, page 17>
Package pdftex.def Info: codes/product_manual.pdf , page17 used on input line 5
8.
(pdftex.def)             Requested size: 1084.04736pt x 609.77664pt.
File: codes/product_manual.pdf Graphic file (type pdf)
<use codes/product_manual.pdf, page 18>
Package pdftex.def Info: codes/product_manual.pdf , page18 used on input line 5
8.
(pdftex.def)             Requested size: 1084.04736pt x 609.77664pt.
 [55 <./codes/product_manual.pdf> <./codes/product_manual.pdf> <./codes/product
_manual.pdf>]
<codes/product_manual.pdf, id=344, page=19, 1445.4pt x 813.0375pt>
File: codes/product_manual.pdf Graphic file (type pdf)
<use codes/product_manual.pdf, page 19>
Package pdftex.def Info: codes/product_manual.pdf , page19 used on input line 5
8.
(pdftex.def)             Requested size: 1084.04736pt x 609.77664pt.
File: codes/product_manual.pdf Graphic file (type pdf)
<use codes/product_manual.pdf, page 19>
Package pdftex.def Info: codes/product_manual.pdf , page19 used on input line 5
8.
(pdftex.def)             Requested size: 1084.04736pt x 609.77664pt.
<codes/product_manual.pdf, id=345, page=20, 1445.4pt x 813.0375pt>
File: codes/product_manual.pdf Graphic file (type pdf)
<use codes/product_manual.pdf, page 20>
Package pdftex.def Info: codes/product_manual.pdf , page20 used on input line 5
8.
(pdftex.def)             Requested size: 1084.04736pt x 609.77664pt.
File: codes/product_manual.pdf Graphic file (type pdf)
<use codes/product_manual.pdf, page 20>
Package pdftex.def Info: codes/product_manual.pdf , page20 used on input line 5
8.
(pdftex.def)             Requested size: 1084.04736pt x 609.77664pt.
<codes/product_manual.pdf, id=346, page=21, 1445.4pt x 813.0375pt>
File: codes/product_manual.pdf Graphic file (type pdf)
<use codes/product_manual.pdf, page 21>
Package pdftex.def Info: codes/product_manual.pdf , page21 used on input line 5
8.
(pdftex.def)             Requested size: 1084.04736pt x 609.77664pt.
File: codes/product_manual.pdf Graphic file (type pdf)
<use codes/product_manual.pdf, page 21>
Package pdftex.def Info: codes/product_manual.pdf , page21 used on input line 5
8.
(pdftex.def)             Requested size: 1084.04736pt x 609.77664pt.
File: codes/product_manual.pdf Graphic file (type pdf)
<use codes/product_manual.pdf, page 19>
Package pdftex.def Info: codes/product_manual.pdf , page19 used on input line 5
8.
(pdftex.def)             Requested size: 1084.04736pt x 609.77664pt.
File: codes/product_manual.pdf Graphic file (type pdf)
<use codes/product_manual.pdf, page 20>
Package pdftex.def Info: codes/product_manual.pdf , page20 used on input line 5
8.
(pdftex.def)             Requested size: 1084.04736pt x 609.77664pt.
File: codes/product_manual.pdf Graphic file (type pdf)
<use codes/product_manual.pdf, page 21>
Package pdftex.def Info: codes/product_manual.pdf , page21 used on input line 5
8.
(pdftex.def)             Requested size: 1084.04736pt x 609.77664pt.
 [56 <./codes/product_manual.pdf> <./codes/product_manual.pdf> <./codes/product
_manual.pdf>]
<codes/product_manual.pdf, id=468, page=22, 1445.4pt x 813.0375pt>
File: codes/product_manual.pdf Graphic file (type pdf)
<use codes/product_manual.pdf, page 22>
Package pdftex.def Info: codes/product_manual.pdf , page22 used on input line 5
8.
(pdftex.def)             Requested size: 1084.04736pt x 609.77664pt.
File: codes/product_manual.pdf Graphic file (type pdf)
<use codes/product_manual.pdf, page 22>
Package pdftex.def Info: codes/product_manual.pdf , page22 used on input line 5
8.
(pdftex.def)             Requested size: 1084.04736pt x 609.77664pt.
<codes/product_manual.pdf, id=469, page=23, 1445.4pt x 813.0375pt>
File: codes/product_manual.pdf Graphic file (type pdf)
<use codes/product_manual.pdf, page 23>
Package pdftex.def Info: codes/product_manual.pdf , page23 used on input line 5
8.
(pdftex.def)             Requested size: 1084.04736pt x 609.77664pt.
File: codes/product_manual.pdf Graphic file (type pdf)
<use codes/product_manual.pdf, page 23>
Package pdftex.def Info: codes/product_manual.pdf , page23 used on input line 5
8.
(pdftex.def)             Requested size: 1084.04736pt x 609.77664pt.
<codes/product_manual.pdf, id=470, page=24, 1445.4pt x 813.0375pt>
File: codes/product_manual.pdf Graphic file (type pdf)
<use codes/product_manual.pdf, page 24>
Package pdftex.def Info: codes/product_manual.pdf , page24 used on input line 5
8.
(pdftex.def)             Requested size: 1084.04736pt x 609.77664pt.
File: codes/product_manual.pdf Graphic file (type pdf)
<use codes/product_manual.pdf, page 24>
Package pdftex.def Info: codes/product_manual.pdf , page24 used on input line 5
8.
(pdftex.def)             Requested size: 1084.04736pt x 609.77664pt.
File: codes/product_manual.pdf Graphic file (type pdf)
<use codes/product_manual.pdf, page 22>
Package pdftex.def Info: codes/product_manual.pdf , page22 used on input line 5
8.
(pdftex.def)             Requested size: 1084.04736pt x 609.77664pt.
File: codes/product_manual.pdf Graphic file (type pdf)
<use codes/product_manual.pdf, page 23>
Package pdftex.def Info: codes/product_manual.pdf , page23 used on input line 5
8.
(pdftex.def)             Requested size: 1084.04736pt x 609.77664pt.
File: codes/product_manual.pdf Graphic file (type pdf)
<use codes/product_manual.pdf, page 24>
Package pdftex.def Info: codes/product_manual.pdf , page24 used on input line 5
8.
(pdftex.def)             Requested size: 1084.04736pt x 609.77664pt.
 [57 <./codes/product_manual.pdf> <./codes/product_manual.pdf> <./codes/product
_manual.pdf>]
<codes/ppt.pdf, id=488, 1445.4pt x 813.0375pt>
File: codes/ppt.pdf Graphic file (type pdf)
<use codes/ppt.pdf>
Package pdftex.def Info: codes/ppt.pdf  used on input line 60.
(pdftex.def)             Requested size: 1445.39648pt x 813.03552pt.
File: codes/ppt.pdf Graphic file (type pdf)
<use codes/ppt.pdf>
Package pdftex.def Info: codes/ppt.pdf  used on input line 60.
(pdftex.def)             Requested size: 1445.39648pt x 813.03552pt.
<codes/ppt.pdf, id=491, page=11, 1445.4pt x 813.0375pt>
File: codes/ppt.pdf Graphic file (type pdf)
<use codes/ppt.pdf, page 11>
Package pdftex.def Info: codes/ppt.pdf , page11 used on input line 60.
(pdftex.def)             Requested size: 1445.39648pt x 813.03552pt.
File: codes/ppt.pdf Graphic file (type pdf)
<use codes/ppt.pdf, page 11>
Package pdftex.def Info: codes/ppt.pdf , page11 used on input line 60.
(pdftex.def)             Requested size: 1156.3216pt x 650.4309pt.
File: codes/ppt.pdf Graphic file (type pdf)
<use codes/ppt.pdf, page 11>
Package pdftex.def Info: codes/ppt.pdf , page11 used on input line 60.
(pdftex.def)             Requested size: 1156.3216pt x 650.4309pt.
File: codes/ppt.pdf Graphic file (type pdf)
<use codes/ppt.pdf, page 11>
Package pdftex.def Info: codes/ppt.pdf , page11 used on input line 60.
(pdftex.def)             Requested size: 1156.3216pt x 650.4309pt.
<codes/ppt.pdf, id=492, page=12, 1445.4pt x 813.0375pt>
File: codes/ppt.pdf Graphic file (type pdf)
<use codes/ppt.pdf, page 12>
Package pdftex.def Info: codes/ppt.pdf , page12 used on input line 60.
(pdftex.def)             Requested size: 1156.3216pt x 650.4309pt.
File: codes/ppt.pdf Graphic file (type pdf)
<use codes/ppt.pdf, page 12>
Package pdftex.def Info: codes/ppt.pdf , page12 used on input line 60.
(pdftex.def)             Requested size: 1156.3216pt x 650.4309pt.
File: codes/ppt.pdf Graphic file (type pdf)
<use codes/ppt.pdf, page 11>
Package pdftex.def Info: codes/ppt.pdf , page11 used on input line 60.
(pdftex.def)             Requested size: 1156.3216pt x 650.4309pt.
File: codes/ppt.pdf Graphic file (type pdf)
<use codes/ppt.pdf, page 12>
Package pdftex.def Info: codes/ppt.pdf , page12 used on input line 60.
(pdftex.def)             Requested size: 1156.3216pt x 650.4309pt.
 [58 <./codes/ppt.pdf> <./codes/ppt.pdf>]
File: codes/ppt.pdf Graphic file (type pdf)
<use codes/ppt.pdf>
Package pdftex.def Info: codes/ppt.pdf  used on input line 61.
(pdftex.def)             Requested size: 1445.39648pt x 813.03552pt.
File: codes/ppt.pdf Graphic file (type pdf)
<use codes/ppt.pdf>
Package pdftex.def Info: codes/ppt.pdf  used on input line 61.
(pdftex.def)             Requested size: 1445.39648pt x 813.03552pt.
<codes/ppt.pdf, id=698, page=13, 1445.4pt x 813.0375pt>
File: codes/ppt.pdf Graphic file (type pdf)
<use codes/ppt.pdf, page 13>
Package pdftex.def Info: codes/ppt.pdf , page13 used on input line 61.
(pdftex.def)             Requested size: 1445.39648pt x 813.03552pt.
File: codes/ppt.pdf Graphic file (type pdf)
<use codes/ppt.pdf, page 13>
Package pdftex.def Info: codes/ppt.pdf , page13 used on input line 61.
(pdftex.def)             Requested size: 1156.3216pt x 650.4309pt.
File: codes/ppt.pdf Graphic file (type pdf)
<use codes/ppt.pdf, page 13>
Package pdftex.def Info: codes/ppt.pdf , page13 used on input line 61.
(pdftex.def)             Requested size: 1156.3216pt x 650.4309pt.
File: codes/ppt.pdf Graphic file (type pdf)
<use codes/ppt.pdf, page 13>
Package pdftex.def Info: codes/ppt.pdf , page13 used on input line 61.
(pdftex.def)             Requested size: 1156.3216pt x 650.4309pt.
<codes/ppt.pdf, id=699, page=14, 1445.4pt x 813.0375pt>
File: codes/ppt.pdf Graphic file (type pdf)
<use codes/ppt.pdf, page 14>
Package pdftex.def Info: codes/ppt.pdf , page14 used on input line 61.
(pdftex.def)             Requested size: 1156.3216pt x 650.4309pt.
File: codes/ppt.pdf Graphic file (type pdf)
<use codes/ppt.pdf, page 14>
Package pdftex.def Info: codes/ppt.pdf , page14 used on input line 61.
(pdftex.def)             Requested size: 1156.3216pt x 650.4309pt.
File: codes/ppt.pdf Graphic file (type pdf)
<use codes/ppt.pdf, page 13>
Package pdftex.def Info: codes/ppt.pdf , page13 used on input line 61.
(pdftex.def)             Requested size: 1156.3216pt x 650.4309pt.
File: codes/ppt.pdf Graphic file (type pdf)
<use codes/ppt.pdf, page 14>
Package pdftex.def Info: codes/ppt.pdf , page14 used on input line 61.
(pdftex.def)             Requested size: 1156.3216pt x 650.4309pt.
 [59 <./codes/ppt.pdf> <./codes/ppt.pdf>]
<codes/ppt.pdf, id=714, page=15, 1445.4pt x 813.0375pt>
File: codes/ppt.pdf Graphic file (type pdf)
<use codes/ppt.pdf, page 15>
Package pdftex.def Info: codes/ppt.pdf , page15 used on input line 61.
(pdftex.def)             Requested size: 1156.3216pt x 650.4309pt.
File: codes/ppt.pdf Graphic file (type pdf)
<use codes/ppt.pdf, page 15>
Package pdftex.def Info: codes/ppt.pdf , page15 used on input line 61.
(pdftex.def)             Requested size: 1156.3216pt x 650.4309pt.
<codes/ppt.pdf, id=715, page=16, 1445.4pt x 813.0375pt>
File: codes/ppt.pdf Graphic file (type pdf)
<use codes/ppt.pdf, page 16>
Package pdftex.def Info: codes/ppt.pdf , page16 used on input line 61.
(pdftex.def)             Requested size: 1156.3216pt x 650.4309pt.
File: codes/ppt.pdf Graphic file (type pdf)
<use codes/ppt.pdf, page 16>
Package pdftex.def Info: codes/ppt.pdf , page16 used on input line 61.
(pdftex.def)             Requested size: 1156.3216pt x 650.4309pt.
File: codes/ppt.pdf Graphic file (type pdf)
<use codes/ppt.pdf, page 15>
Package pdftex.def Info: codes/ppt.pdf , page15 used on input line 61.
(pdftex.def)             Requested size: 1156.3216pt x 650.4309pt.
File: codes/ppt.pdf Graphic file (type pdf)
<use codes/ppt.pdf, page 16>
Package pdftex.def Info: codes/ppt.pdf , page16 used on input line 61.
(pdftex.def)             Requested size: 1156.3216pt x 650.4309pt.
 [60 <./codes/ppt.pdf> <./codes/ppt.pdf>]
<codes/ppt.pdf, id=729, page=17, 1445.4pt x 813.0375pt>
File: codes/ppt.pdf Graphic file (type pdf)
<use codes/ppt.pdf, page 17>
Package pdftex.def Info: codes/ppt.pdf , page17 used on input line 61.
(pdftex.def)             Requested size: 1156.3216pt x 650.4309pt.
File: codes/ppt.pdf Graphic file (type pdf)
<use codes/ppt.pdf, page 17>
Package pdftex.def Info: codes/ppt.pdf , page17 used on input line 61.
(pdftex.def)             Requested size: 1156.3216pt x 650.4309pt.
<codes/ppt.pdf, id=730, page=18, 1445.4pt x 813.0375pt>
File: codes/ppt.pdf Graphic file (type pdf)
<use codes/ppt.pdf, page 18>
Package pdftex.def Info: codes/ppt.pdf , page18 used on input line 61.
(pdftex.def)             Requested size: 1156.3216pt x 650.4309pt.
File: codes/ppt.pdf Graphic file (type pdf)
<use codes/ppt.pdf, page 18>
Package pdftex.def Info: codes/ppt.pdf , page18 used on input line 61.
(pdftex.def)             Requested size: 1156.3216pt x 650.4309pt.
File: codes/ppt.pdf Graphic file (type pdf)
<use codes/ppt.pdf, page 17>
Package pdftex.def Info: codes/ppt.pdf , page17 used on input line 61.
(pdftex.def)             Requested size: 1156.3216pt x 650.4309pt.
File: codes/ppt.pdf Graphic file (type pdf)
<use codes/ppt.pdf, page 18>
Package pdftex.def Info: codes/ppt.pdf , page18 used on input line 61.
(pdftex.def)             Requested size: 1156.3216pt x 650.4309pt.
 [61 <./codes/ppt.pdf> <./codes/ppt.pdf>]
(_minted-generatePDF/0CE7712FD9941B671B70C7ABB5CC037A841C6A9B87B7E61C96640E6D52
022D26.pygtex)
(_minted-generatePDF/E706A4A0CDE2590900ABE16DE604205F8C4B4CDD5F1432A1B102195FEE
CA8AD0.pygtex)
(_minted-generatePDF/B15F6106718FE6535267C920F733970B05B716A4EBBF7142A776A683B6
6B438D.pygtex)
(_minted-generatePDF/4D736A9390A579D7D5D182E03A5FA75FA062E0E2AB3FB855EB6E75B868
9CB7C8.pygtex [62])
(_minted-generatePDF/71B722AA39FFD2C55C668DD4EDD261921A5EE7B866FA4C1CCFF6529B1C
0FE48F.pygtex)
(_minted-generatePDF/205749DA57900620CE5F9557DAFC5E0C7B2FC77055F5974E548EBB0541
EA4808.pygtex)
(_minted-generatePDF/6B5D5A77FC0329FB292B5962187186E66F5BD8C6C8B4B9B69AE51D3BC7
49D2DC.pygtex)
(_minted-generatePDF/3B602C326D82FA40E203630F9CC30CA974BF7433A5F2ECB699B0B03889
9CC0CE.pygtex [63])
(_minted-generatePDF/78298416BA1534D758D096663EB0599FF270BA2E9342F84F38ED0303B6
E2FF82.pygtex)
(_minted-generatePDF/D0B057B867A6304BB366EFBD57C784A8F1B9DD2F32AB0A9F35FC63F96A
490F7B.pygtex)
(_minted-generatePDF/68B6236E2DD1B856CB0FC2B9035B66C60ECC7C58F0B56A1B0913832C04
11BB29.pygtex [64])
(_minted-generatePDF/0643015ADA086EFAA6631B2E638DE55AE85CCE839FA648AB0E636D0DC8
5B0FA3.pygtex [65])
(_minted-generatePDF/EBC5682C434B28AD363E92A144719DD27BCD22A4353674DEF15A5CC6F3
308917.pygtex)
(_minted-generatePDF/B560C7A1FCFB661628D8C3E5BFC2E273B828EBE38E05CCF7AF1139A950
71D515.pygtex [66])
(_minted-generatePDF/195302557005E34FE5066ED32D44E1535739747B71F8E7653E77075B26
C4E9C5.pygtex [67] [68] [69])
(_minted-generatePDF/900452D5DDEC758E9E20B8E40A6AC028734CAC0DCB33882AE74E88A473
AE7C6D.pygtex [70] [71] [72] [73] [74] [75])
(_minted-generatePDF/A1E23D20F17A31F057967942236032BAAAE737E857775039DC2664556D
55FA05.pygtex [76])
(_minted-generatePDF/D747563D8B1D23774150E809435655EF6498BC2AC46B5072DF39A255E9
A610E6.pygtex [77] [78] [79])
(_minted-generatePDF/6BDF3FFB9518E50D61EC3B71A9AD390C54FFAC3A54F3650D84845E2A14
6B8D87.pygtex [80])
(_minted-generatePDF/B3DEBEC6C986073C35372B4AFF6138C183363A3C0A911F34341E241F8F
36A82B.pygtex [81] [82])
(_minted-generatePDF/547BF9E3ACF5377D143B2776468A802C17EB20CDA920A4E74D1D5D7C62
53F3D3.pygtex [83] [84])
(_minted-generatePDF/F2405B7E500BB0397F58B031C50D7D07C4460207CB1C1C97AB65D5A9E3
2540F6.pygtex [85])
(_minted-generatePDF/8C2CA36DD6C36372C2FCE5E2805C1799E126B53D177A0D004CF17BBD09
C6608D.pygtex [86])
(_minted-generatePDF/D8873D2D9B547BC26FEEAB8414B39AF1E53577C3A6A38C1124FA35034A
3D5C98.pygtex [87] [88])
(_minted-generatePDF/F45A1CD23A1A04175855245A2B705D1B1D2B7A37894C6B0FA557022434
D5DBC0.pygtex [89])
(_minted-generatePDF/16264B3B3011456180D80F1246552AE76493FCF652F5423C277AD6A892
B2576F.pygtex [90])
(_minted-generatePDF/ACC7F7570D302066A7BF9496F26B5BE90F69B89B81A58A59112444C199
BEB259.pygtex [91] [92])
(_minted-generatePDF/93F57B57F06CDF5176334687E10EEFFCE426190DD3A1D0329F49A3B8A8
DEC7CF.pygtex [93])
(_minted-generatePDF/3EE7B49FCD488C81C1535A87507B1B0672F4A2829D055F167982E5857E
5D71DD.pygtex [94] [95])
(_minted-generatePDF/1CB25380BB9AB12C4439A5581E9E2B83F93D35A6CC7781C91D19AE81F1
D877A0.pygtex [96] [97])
(_minted-generatePDF/E3BC273A8DEEB959A7A3D8EF6B7FCA7899B09F4DC6F7001A51AC3B6C1F
CE42C5.pygtex [98])
(_minted-generatePDF/98A2CB95EB1A750369A0FC69F55E7C4FFF85536EC02743867D63666759
FA9275.pygtex [99] [100] [101])
(_minted-generatePDF/8472EE9D262ACA0CB8E8F0A03306D460C95F8652AE27B8B56EDED347F3
41AD31.pygtex [102])
(_minted-generatePDF/C663F86D710D72B0C8D512ABA656C2EAB1EAA6C107D8A667D95067B68A
DB0233.pygtex [103] [104] [105])
(_minted-generatePDF/AE8A91702FBE97B9BF7D62155EA2084E1A2883AE6CA6697566FB452EE0
F2B89E.pygtex [106] [107])
(_minted-generatePDF/9DBA35C52D58A21AB29868A1A1EE8B33C210DE5EAC811F493782ECEC82
203148.pygtex [108] [109])
(_minted-generatePDF/0005D6471613C07C2D9311AE3B18BB11CFFAA1D9A14D3CE05AE67C9E45
0F9E00.pygtex)
(_minted-generatePDF/DE41390CC53AB9E909507359AE8C680306B0E66E5CA48F45EFB5E2A4CD
D80D1E.pygtex [110] [111])
(_minted-generatePDF/270D56887EDD7DC3D4F67B1717ED90F269179CB79E88D5E168760EDB0B
243AE6.pygtex [112])
(_minted-generatePDF/CA438D056CDBA2CDDE7F0934FECE7087E9E1475BE706B9A459A8968643
15BE94.pygtex [113] [114] [115])
(_minted-generatePDF/48EA6B1065001C2BB9A49FBEEC288A61BFFAD580F55992950F1F30F279
E308F0.pygtex [116] [117] [118] [119])
(_minted-generatePDF/1FC75D69000FEF9F014FDDF8E52525DF41D87ED2FF0EBC0B758044F36A
794C53.pygtex [120] [121] [122] [123])
(_minted-generatePDF/04CAF3CC211DE04E999D74DAB57ED4486B57022589F45EF3A7336A9E16
E3E005.pygtex [124] [125] [126])
(_minted-generatePDF/F5A04967217F2B4F189A503BC302B5E407E9F05E883B81DA7F7B321875
726C4E.pygtex [127] [128] [129] [130])
(_minted-generatePDF/44FC2AA911D1759D2998011728A91202A1CFBCA373B413DD4F3D7EF807
5C2101.pygtex [131])
(_minted-generatePDF/A4F0DF9D555CA55A29D15FC485E65F43AD475AA5A59D09459C0B92C38C
06509A.pygtex [132] [133])
(_minted-generatePDF/44CA8F68AA1101B5AFFB7E422FC13723B0F09E5F698A7D4DCE4C8F4341
7F865B.pygtex [134])
(_minted-generatePDF/4D46DF77D6FAFCC685E602D360B2069A02DCBFC9C42082D60D7F4E1DC2
506EEA.pygtex)
(_minted-generatePDF/3F7FDB5C2678EAD493D622713C4F94D1AF582AE2047456C5E69AE155C4
9072E1.pygtex [135] [136])
(_minted-generatePDF/D63AF59F7AC45BC4507A17DCCF817EEB2758C623684CF57E384576BC14
91A263.pygtex [137] [138] [139])
(_minted-generatePDF/EFE6AA48428CF9A7817F887BDE99C30AD101600028B56C084FB7A0DE8C
3EA7D0.pygtex [140] [141] [142])
(_minted-generatePDF/976721D67E5FEF34B8663F59591CD4513443BC872370235178E403DBEB
69071E.pygtex [143] [144])
(_minted-generatePDF/E603DCC5655E1FF28E66B1CD826309B60E1BFF15DD4665D1463A6C5E46
008AF1.pygtex [145] [146])
(_minted-generatePDF/B2742690B083375A741AB7CA31D9D408B0F2F97DCBC3D2010DE97FE02C
C75F3D.pygtex [147] [148])
(_minted-generatePDF/D4A41919682E23939D1BCBC605777CDF8374ACF9ECEE3FD769301BE95B
AD2C88.pygtex)
(_minted-generatePDF/4B47D82D243E189C7CD18F8B3B8A4E1DEC11D0FDA8FDE1E8890D075F75
54A687.pygtex [149])
runsystem(del _minted-generatePDF\F4A0DEF5269E4BFCC14A3248B4B26306FF1E20C251AEC
93FD3677A727BDDB5AB.pygtex)...executed.

Package atveryend Info: Empty hook `BeforeClearDocument' on input line 401.
 [150]
Package atveryend Info: Empty hook `AfterLastShipout' on input line 401.
 (generatePDF.aux)
Package atveryend Info: Executing hook `AtVeryEndDocument' on input line 401.
Package atveryend Info: Empty hook `AtEndAfterFileList' on input line 401.
Package atveryend Info: Empty hook `AtVeryVeryEnd' on input line 401.
 ) 
Here is how much of TeX's memory you used:
 11766 strings out of 481618
 226385 string characters out of 2914570
 627232 words of memory out of 3000000
 26363 multiletter control sequences out of 15000+200000
 538712 words of font info for 46 fonts, out of 3000000 for 9000
 1141 hyphenation exceptions out of 8191
 44i,19n,49p,1022b,776s stack positions out of 5000i,500n,10000p,200000b,50000s
<C:/Users/mocha/AppData/Local/Programs/MiKTeX 2.9/fonts/type1/public/amsfonts
/cm/cmbx10.pfb><C:/Users/mocha/AppData/Local/Programs/MiKTeX 2.9/fonts/type1/pu
blic/amsfonts/cm/cmbx12.pfb><C:/Users/mocha/AppData/Local/Programs/MiKTeX 2.9/f
onts/type1/public/amsfonts/cm/cmcsc10.pfb><C:/Users/mocha/AppData/Local/Program
s/MiKTeX 2.9/fonts/type1/public/amsfonts/cm/cmitt10.pfb><C:/Users/mocha/AppData
/Local/Programs/MiKTeX 2.9/fonts/type1/public/amsfonts/cm/cmmi5.pfb><C:/Users/m
ocha/AppData/Local/Programs/MiKTeX 2.9/fonts/type1/public/amsfonts/cm/cmr10.pfb
><C:/Users/mocha/AppData/Local/Programs/MiKTeX 2.9/fonts/type1/public/amsfonts/
cm/cmr5.pfb><C:/Users/mocha/AppData/Local/Programs/MiKTeX 2.9/fonts/type1/publi
c/amsfonts/cm/cmsy10.pfb><C:/Users/mocha/AppData/Local/Programs/MiKTeX 2.9/font
s/type1/public/amsfonts/cm/cmsy5.pfb><C:/Users/mocha/AppData/Local/Programs/MiK
TeX 2.9/fonts/type1/public/amsfonts/cm/cmsy6.pfb><C:/Users/mocha/AppData/Local/
Programs/MiKTeX 2.9/fonts/type1/public/amsfonts/cm/cmti10.pfb><C:/Users/mocha/A
ppData/Local/Programs/MiKTeX 2.9/fonts/type1/public/amsfonts/cm/cmtt8.pfb>
Output written on generatePDF.pdf (108 pages, 12293882 bytes).
PDF statistics:
 1324 PDF objects out of 1440 (max. 8388607)
 227 named destinations out of 1000 (max. 500000)
 211 words of extra memory for PDF output out of 10000 (max. 10000000)

